Vivado Simulator v2021.2
Copyright 1986-1999, 2001-2021 Xilinx, Inc. All Rights Reserved.
Running: C:/Xilinx/Vivado/2021.2/bin/unwrapped/win64.o/xelab.exe --incr --debug typical --relax --mt 2 -L xil_defaultlib -L blk_mem_gen_v8_4_5 -L unisims_ver -L unimacro_ver -L secureip -L xpm --snapshot tb_gaussian_blur_behav xil_defaultlib.tb_gaussian_blur xil_defaultlib.glbl -log elaborate.log 
Using 2 slave threads.
Starting static elaboration
Pass Through NonSizing Optimizer
Completed static elaboration
Starting simulation data flow analysis
Completed simulation data flow analysis
Time Resolution for simulation is 1ps
Compiling module blk_mem_gen_v8_4_5.blk_mem_gen_v8_4_5_output_stage(...
Compiling module blk_mem_gen_v8_4_5.blk_mem_gen_v8_4_5_output_stage(...
Compiling module blk_mem_gen_v8_4_5.blk_mem_gen_v8_4_5_softecc_outpu...
Compiling module blk_mem_gen_v8_4_5.blk_mem_gen_v8_4_5_mem_module(C_...
Compiling module blk_mem_gen_v8_4_5.blk_mem_axi_regs_fwd_v8_4(C_DATA...
Compiling module blk_mem_gen_v8_4_5.blk_mem_gen_v8_4_5(C_FAMILY="zyn...
Compiling module xil_defaultlib.design_2_blk_mem_gen_0_0
Compiling module xil_defaultlib.design_2_blk_mem_gen_0_1
Compiling module xil_defaultlib.design_2_blk_mem_gen_0_2
Compiling module xil_defaultlib.gaussian_blur
Compiling module xil_defaultlib.design_2_gaussian_blur_0_0
Compiling module xil_defaultlib.design_2
Compiling module xil_defaultlib.design_2_wrapper
Compiling module xil_defaultlib.tb_gaussian_blur
Compiling module xil_defaultlib.glbl
Built simulation snapshot tb_gaussian_blur_behav
